<?xml version="1.0" encoding="UTF-8"?>
<testng-results ignored="0" total="1" passed="1" failed="0" skipped="0">
  <reporter-output>
  </reporter-output>
  <suite started-at="2021-12-15T12:24:07 IST" name="Default suite" finished-at="2021-12-15T12:24:15 IST" duration-ms="8054">
    <groups>
    </groups>
    <test started-at="2021-12-15T12:24:07 IST" name="Default test" finished-at="2021-12-15T12:24:15 IST" duration-ms="8054">
      <class name="TC03_GET">
        <test-method signature="test01()[pri:0, instance:TC03_GET@be35cd9]" started-at="2021-12-15T12:24:07 IST" name="test01" finished-at="2021-12-15T12:24:15 IST" duration-ms="7848" status="PASS">
          <reporter-output>
          </reporter-output>
        </test-method> <!-- test01 -->
      </class> <!-- TC03_GET -->
    </test> <!-- Default test -->
  </suite> <!-- Default suite -->
</testng-results>
